[2026-04-09T18:49:06Z] === ENRICH ITERATION 1 START | repo=pypa/packaging sha=3b77a26f ===
[2026-04-09T18:49:06Z] [iter=1] PHASE START: enrich repo=pypa/packaging sha=3b77a26f runlog=/home/runner/work/forx/forx/storage/aggregate/lsp/logs/3b77a26f-enrich-iter-001.log output=/home/runner/work/forx/forx/storage/aggregate/lsp/3b77a26f5a27473ad3b08194d773f325d018a2d0.nq.gz
[2026-04-09T18:49:06Z] [iter=1] Step 1: Loading AST into disk-backed store mem_mb=76 MB
[2026-04-09T18:49:13Z] [iter=1] AST store loaded triples=790333 load_secs=7 mem_mb=776 MB
[2026-04-09T18:49:13Z] [iter=1] Step 2: Finding LSP targets mem_mb=776 MB
[2026-04-09T18:49:14Z] [iter=1] LSP targets found call_sites=3472 imports=217 extends=34 implements=0 secs=1
[2026-04-09T18:49:16Z] [iter=1] Step 2.7: Building position index (one-shot, shared across resolvers) mem_mb=776 MB
[2026-04-09T18:49:20Z] [iter=1] Position index built positions=55869 nodes_with_types=73301 secs=4 mem_mb=776 MB
[2026-04-09T18:49:20Z] [iter=1] Step 3: Starting LSP resolution mem_mb=776 MB already_completed_types=[] already_completed_files=0
[2026-04-09T18:49:20Z] [iter=1] Resolving target type target_type=call_site count=3472
[2026-04-09T18:49:36Z] [iter=1] HEARTBEAT target_type=call_site elapsed_min=0.5 files_done=2 resolved=147 errors=47 current=tests/test_tags.py
[2026-04-09T18:50:24Z] [iter=1] HEARTBEAT target_type=call_site elapsed_min=1.3 files_done=3 resolved=647 errors=199 current=tests/test_specifiers.py
[2026-04-09T18:51:04Z] [iter=1] HEARTBEAT target_type=call_site elapsed_min=2.0 files_done=5 resolved=883 errors=328 current=tests/test_metadata.py
[2026-04-09T18:52:00Z] [iter=1] HEARTBEAT target_type=call_site elapsed_min=2.9 files_done=9 resolved=1158 errors=512 current=tests/test_utils.py
[2026-04-09T18:52:43Z] [iter=1] HEARTBEAT target_type=call_site elapsed_min=3.6 files_done=12 resolved=1252 errors=653 current=src/packaging/tags.py
[2026-04-09T18:53:21Z] [iter=1] HEARTBEAT target_type=call_site elapsed_min=4.3 files_done=14 resolved=1337 errors=783 current=tests/test_markers.py
[2026-04-09T18:54:07Z] [iter=1] HEARTBEAT target_type=call_site elapsed_min=5.0 files_done=18 resolved=1653 errors=932 current=src/packaging/markers.py
[2026-04-09T18:54:43Z] [iter=1] HEARTBEAT target_type=call_site elapsed_min=5.6 files_done=22 resolved=1753 errors=1045 current=noxfile.py
[2026-04-09T18:55:15Z] [iter=1] HEARTBEAT target_type=call_site elapsed_min=6.2 files_done=26 resolved=1876 errors=1148 current=src/packaging/requirements.py
[2026-04-09T18:55:28Z] [iter=1] Target type resolved target_type=call_site resolved=1928 errors=1178 secs=369 mem_mb=776 MB
[2026-04-09T18:55:28Z] [iter=1] Resolving target type target_type=import_statement count=217
[2026-04-09T18:55:32Z] [iter=1] Target type resolved target_type=import_statement resolved=196 errors=0 secs=4 mem_mb=776 MB
[2026-04-09T18:55:32Z] [iter=1] Resolving target type target_type=extends_clause count=34
[2026-04-09T18:55:34Z] [iter=1] Target type resolved target_type=extends_clause resolved=34 errors=0 secs=2 mem_mb=776 MB
[2026-04-09T18:55:38Z] [iter=1] Step 5: Writing final enrichment file triples=33741
[2026-04-09T18:55:38Z] [iter=1] Enrichment file written path=/home/runner/work/forx/forx/storage/aggregate/lsp/3b77a26f5a27473ad3b08194d773f325d018a2d0.nq.gz size_kb=628
[2026-04-09T18:55:38Z] [iter=1] PHASE END: enrich elapsed_s=392 elapsed_min=6.5 total_triples=33741
